<?xml version="1.0" encoding="UTF-8"?>
<testsuite xmlns:xsi="http://www.w3.org/2001/XMLSchema-instance" xsi:noNamespaceSchemaLocation="https://maven.apache.org/surefire/maven-surefire-plugin/xsd/surefire-test-report-3.0.xsd" version="3.0" name="cucumber.Options.TestRunner" time="1030.063" tests="8" errors="0" skipped="0" failures="2">
  <properties>
    <property name="java.specification.version" value="17"/>
    <property name="sun.cpu.isalist" value="amd64"/>
    <property name="sun.jnu.encoding" value="Cp1252"/>
    <property name="java.class.path" value="C:\Users\Soumya\Documents\GitHub\Git local API\RestAssured_Polycab\RestAssured_Polycab\target\test-classes;C:\Users\Soumya\Documents\GitHub\Git local API\RestAssured_Polycab\RestAssured_Polycab\target\classes;C:\Users\Soumya\.m2\repository\junit\junit\4.13.2\junit-4.13.2.jar;C:\Users\Soumya\.m2\repository\org\hamcrest\hamcrest-core\1.3\hamcrest-core-1.3.jar;C:\Users\Soumya\.m2\repository\io\cucumber\cucumber-java\7.18.0\cucumber-java-7.18.0.jar;C:\Users\Soumya\.m2\repository\io\cucumber\cucumber-core\7.18.0\cucumber-core-7.18.0.jar;C:\Users\Soumya\.m2\repository\io\cucumber\cucumber-gherkin\7.18.0\cucumber-gherkin-7.18.0.jar;C:\Users\Soumya\.m2\repository\io\cucumber\cucumber-gherkin-messages\7.18.0\cucumber-gherkin-messages-7.18.0.jar;C:\Users\Soumya\.m2\repository\io\cucumber\gherkin\28.0.0\gherkin-28.0.0.jar;C:\Users\Soumya\.m2\repository\io\cucumber\messages\24.1.0\messages-24.1.0.jar;C:\Users\Soumya\.m2\repository\io\cucumber\testng-xml-formatter\0.1.0\testng-xml-formatter-0.1.0.jar;C:\Users\Soumya\.m2\repository\io\cucumber\query\12.2.0\query-12.2.0.jar;C:\Users\Soumya\.m2\repository\io\cucumber\tag-expressions\6.1.0\tag-expressions-6.1.0.jar;C:\Users\Soumya\.m2\repository\io\cucumber\cucumber-expressions\17.1.0\cucumber-expressions-17.1.0.jar;C:\Users\Soumya\.m2\repository\io\cucumber\datatable\7.18.0\datatable-7.18.0.jar;C:\Users\Soumya\.m2\repository\io\cucumber\cucumber-plugin\7.18.0\cucumber-plugin-7.18.0.jar;C:\Users\Soumya\.m2\repository\io\cucumber\docstring\7.18.0\docstring-7.18.0.jar;C:\Users\Soumya\.m2\repository\io\cucumber\html-formatter\21.3.1\html-formatter-21.3.1.jar;C:\Users\Soumya\.m2\repository\io\cucumber\junit-xml-formatter\0.4.0\junit-xml-formatter-0.4.0.jar;C:\Users\Soumya\.m2\repository\io\cucumber\ci-environment\10.0.1\ci-environment-10.0.1.jar;C:\Users\Soumya\.m2\repository\org\apiguardian\apiguardian-api\1.1.2\apiguardian-api-1.1.2.jar;C:\Users\Soumya\.m2\repository\io\cucumber\cucumber-junit\7.18.0\cucumber-junit-7.18.0.jar;C:\Users\Soumya\.m2\repository\org\seleniumhq\selenium\selenium-java\4.18.1\selenium-java-4.18.1.jar;C:\Users\Soumya\.m2\repository\org\seleniumhq\selenium\selenium-api\4.18.1\selenium-api-4.18.1.jar;C:\Users\Soumya\.m2\repository\org\seleniumhq\selenium\selenium-chrome-driver\4.18.1\selenium-chrome-driver-4.18.1.jar;C:\Users\Soumya\.m2\repository\com\google\auto\service\auto-service-annotations\1.1.1\auto-service-annotations-1.1.1.jar;C:\Users\Soumya\.m2\repository\org\seleniumhq\selenium\selenium-chromium-driver\4.18.1\selenium-chromium-driver-4.18.1.jar;C:\Users\Soumya\.m2\repository\org\seleniumhq\selenium\selenium-json\4.18.1\selenium-json-4.18.1.jar;C:\Users\Soumya\.m2\repository\org\seleniumhq\selenium\selenium-manager\4.18.1\selenium-manager-4.18.1.jar;C:\Users\Soumya\.m2\repository\org\seleniumhq\selenium\selenium-devtools-v120\4.18.1\selenium-devtools-v120-4.18.1.jar;C:\Users\Soumya\.m2\repository\org\seleniumhq\selenium\selenium-devtools-v121\4.18.1\selenium-devtools-v121-4.18.1.jar;C:\Users\Soumya\.m2\repository\org\seleniumhq\selenium\selenium-devtools-v122\4.18.1\selenium-devtools-v122-4.18.1.jar;C:\Users\Soumya\.m2\repository\org\seleniumhq\selenium\selenium-devtools-v85\4.18.1\selenium-devtools-v85-4.18.1.jar;C:\Users\Soumya\.m2\repository\org\seleniumhq\selenium\selenium-edge-driver\4.18.1\selenium-edge-driver-4.18.1.jar;C:\Users\Soumya\.m2\repository\org\seleniumhq\selenium\selenium-firefox-driver\4.18.1\selenium-firefox-driver-4.18.1.jar;C:\Users\Soumya\.m2\repository\org\seleniumhq\selenium\selenium-http\4.18.1\selenium-http-4.18.1.jar;C:\Users\Soumya\.m2\repository\dev\failsafe\failsafe\3.3.2\failsafe-3.3.2.jar;C:\Users\Soumya\.m2\repository\org\seleniumhq\selenium\selenium-ie-driver\4.18.1\selenium-ie-driver-4.18.1.jar;C:\Users\Soumya\.m2\repository\org\seleniumhq\selenium\selenium-remote-driver\4.18.1\selenium-remote-driver-4.18.1.jar;C:\Users\Soumya\.m2\repository\io\opentelemetry\semconv\opentelemetry-semconv\1.23.1-alpha\opentelemetry-semconv-1.23.1-alpha.jar;C:\Users\Soumya\.m2\repository\io\opentelemetry\opentelemetry-api\1.35.0\opentelemetry-api-1.35.0.jar;C:\Users\Soumya\.m2\repository\io\opentelemetry\opentelemetry-context\1.35.0\opentelemetry-context-1.35.0.jar;C:\Users\Soumya\.m2\repository\io\opentelemetry\opentelemetry-exporter-logging\1.35.0\opentelemetry-exporter-logging-1.35.0.jar;C:\Users\Soumya\.m2\repository\io\opentelemetry\opentelemetry-sdk-common\1.35.0\opentelemetry-sdk-common-1.35.0.jar;C:\Users\Soumya\.m2\repository\io\opentelemetry\opentelemetry-sdk-extension-autoconfigure-spi\1.35.0\opentelemetry-sdk-extension-autoconfigure-spi-1.35.0.jar;C:\Users\Soumya\.m2\repository\io\opentelemetry\opentelemetry-sdk-extension-autoconfigure\1.35.0\opentelemetry-sdk-extension-autoconfigure-1.35.0.jar;C:\Users\Soumya\.m2\repository\io\opentelemetry\opentelemetry-api-events\1.35.0-alpha\opentelemetry-api-events-1.35.0-alpha.jar;C:\Users\Soumya\.m2\repository\io\opentelemetry\opentelemetry-sdk-trace\1.35.0\opentelemetry-sdk-trace-1.35.0.jar;C:\Users\Soumya\.m2\repository\io\opentelemetry\opentelemetry-extension-incubator\1.35.0-alpha\opentelemetry-extension-incubator-1.35.0-alpha.jar;C:\Users\Soumya\.m2\repository\io\opentelemetry\opentelemetry-sdk\1.35.0\opentelemetry-sdk-1.35.0.jar;C:\Users\Soumya\.m2\repository\io\opentelemetry\opentelemetry-sdk-metrics\1.35.0\opentelemetry-sdk-metrics-1.35.0.jar;C:\Users\Soumya\.m2\repository\io\opentelemetry\opentelemetry-sdk-logs\1.35.0\opentelemetry-sdk-logs-1.35.0.jar;C:\Users\Soumya\.m2\repository\net\bytebuddy\byte-buddy\1.14.12\byte-buddy-1.14.12.jar;C:\Users\Soumya\.m2\repository\org\seleniumhq\selenium\selenium-os\4.18.1\selenium-os-4.18.1.jar;C:\Users\Soumya\.m2\repository\org\apache\commons\commons-exec\1.3\commons-exec-1.3.jar;C:\Users\Soumya\.m2\repository\org\seleniumhq\selenium\selenium-safari-driver\4.18.1\selenium-safari-driver-4.18.1.jar;C:\Users\Soumya\.m2\repository\org\seleniumhq\selenium\selenium-support\4.18.1\selenium-support-4.18.1.jar;C:\Users\Soumya\.m2\repository\io\rest-assured\rest-assured\5.5.0\rest-assured-5.5.0.jar;C:\Users\Soumya\.m2\repository\org\apache\groovy\groovy\4.0.22\groovy-4.0.22.jar;C:\Users\Soumya\.m2\repository\org\apache\groovy\groovy-xml\4.0.22\groovy-xml-4.0.22.jar;C:\Users\Soumya\.m2\repository\org\apache\httpcomponents\httpclient\4.5.13\httpclient-4.5.13.jar;C:\Users\Soumya\.m2\repository\org\apache\httpcomponents\httpcore\4.4.13\httpcore-4.4.13.jar;C:\Users\Soumya\.m2\repository\commons-logging\commons-logging\1.2\commons-logging-1.2.jar;C:\Users\Soumya\.m2\repository\commons-codec\commons-codec\1.11\commons-codec-1.11.jar;C:\Users\Soumya\.m2\repository\org\apache\httpcomponents\httpmime\4.5.13\httpmime-4.5.13.jar;C:\Users\Soumya\.m2\repository\org\hamcrest\hamcrest\2.2\hamcrest-2.2.jar;C:\Users\Soumya\.m2\repository\org\ccil\cowan\tagsoup\tagsoup\1.2.1\tagsoup-1.2.1.jar;C:\Users\Soumya\.m2\repository\io\rest-assured\xml-path\5.5.0\xml-path-5.5.0.jar;C:\Users\Soumya\.m2\repository\com\fasterxml\jackson\core\jackson-databind\2.17.1\jackson-databind-2.17.1.jar;C:\Users\Soumya\.m2\repository\com\fasterxml\jackson\core\jackson-annotations\2.17.1\jackson-annotations-2.17.1.jar;C:\Users\Soumya\.m2\repository\com\fasterxml\jackson\core\jackson-core\2.17.1\jackson-core-2.17.1.jar;C:\Users\Soumya\.m2\repository\org\codehaus\groovy\groovy\3.0.21\groovy-3.0.21.jar;C:\Users\Soumya\.m2\repository\io\rest-assured\json-path\5.5.0\json-path-5.5.0.jar;C:\Users\Soumya\.m2\repository\org\apache\groovy\groovy-json\4.0.22\groovy-json-4.0.22.jar;C:\Users\Soumya\.m2\repository\io\rest-assured\rest-assured-common\5.5.0\rest-assured-common-5.5.0.jar;C:\Users\Soumya\.m2\repository\org\json\json\20240303\json-20240303.jar;C:\Users\Soumya\.m2\repository\com\google\guava\guava\33.2.1-jre\guava-33.2.1-jre.jar;C:\Users\Soumya\.m2\repository\com\google\guava\failureaccess\1.0.2\failureaccess-1.0.2.jar;C:\Users\Soumya\.m2\repository\com\google\guava\listenablefuture\9999.0-empty-to-avoid-conflict-with-guava\listenablefuture-9999.0-empty-to-avoid-conflict-with-guava.jar;C:\Users\Soumya\.m2\repository\com\google\code\findbugs\jsr305\3.0.2\jsr305-3.0.2.jar;C:\Users\Soumya\.m2\repository\org\checkerframework\checker-qual\3.42.0\checker-qual-3.42.0.jar;C:\Users\Soumya\.m2\repository\com\google\errorprone\error_prone_annotations\2.26.1\error_prone_annotations-2.26.1.jar;C:\Users\Soumya\.m2\repository\com\google\j2objc\j2objc-annotations\3.0.0\j2objc-annotations-3.0.0.jar;C:\Users\Soumya\.m2\repository\io\cucumber\cucumber-picocontainer\7.0.0\cucumber-picocontainer-7.0.0.jar;C:\Users\Soumya\.m2\repository\org\picocontainer\picocontainer\2.15\picocontainer-2.15.jar;C:\Users\Soumya\.m2\repository\net\masterthought\cucumber-reporting\5.8.2\cucumber-reporting-5.8.2.jar;C:\Users\Soumya\.m2\repository\com\fasterxml\jackson\datatype\jackson-datatype-jsr310\2.17.0\jackson-datatype-jsr310-2.17.0.jar;C:\Users\Soumya\.m2\repository\org\apache\velocity\velocity-engine-core\2.3\velocity-engine-core-2.3.jar;C:\Users\Soumya\.m2\repository\joda-time\joda-time\2.12.7\joda-time-2.12.7.jar;C:\Users\Soumya\.m2\repository\org\apache\commons\commons-configuration2\2.10.1\commons-configuration2-2.10.1.jar;C:\Users\Soumya\.m2\repository\org\apache\commons\commons-lang3\3.14.0\commons-lang3-3.14.0.jar;C:\Users\Soumya\.m2\repository\commons-io\commons-io\2.16.1\commons-io-2.16.1.jar;C:\Users\Soumya\.m2\repository\org\apache\commons\commons-text\1.11.0\commons-text-1.11.0.jar;C:\Users\Soumya\.m2\repository\org\jsoup\jsoup\1.17.2\jsoup-1.17.2.jar;C:\Users\Soumya\.m2\repository\com\googlecode\owasp-java-html-sanitizer\owasp-java-html-sanitizer\20240325.1\owasp-java-html-sanitizer-20240325.1.jar;C:\Users\Soumya\.m2\repository\com\googlecode\owasp-java-html-sanitizer\java8-shim\20240325.1\java8-shim-20240325.1.jar;C:\Users\Soumya\.m2\repository\com\googlecode\owasp-java-html-sanitizer\java10-shim\20240325.1\java10-shim-20240325.1.jar;C:\Users\Soumya\.m2\repository\org\slf4j\slf4j-api\2.0.13\slf4j-api-2.0.13.jar;C:\Users\Soumya\.m2\repository\org\slf4j\jcl-over-slf4j\2.0.13\jcl-over-slf4j-2.0.13.jar;"/>
    <property name="java.vm.vendor" value="Oracle Corporation"/>
    <property name="sun.arch.data.model" value="64"/>
    <property name="user.variant" value=""/>
    <property name="java.vendor.url" value="https://java.oracle.com/"/>
    <property name="user.timezone" value="Asia/Calcutta"/>
    <property name="os.name" value="Windows 11"/>
    <property name="java.vm.specification.version" value="17"/>
    <property name="sun.java.launcher" value="SUN_STANDARD"/>
    <property name="user.country" value="US"/>
    <property name="sun.boot.library.path" value="C:\Program Files\Java\jdk-17\bin"/>
    <property name="sun.java.command" value="C:\Users\Soumya\AppData\Local\Temp\surefire8153554993340172510\surefirebooter-20240828125311876_3.jar C:\Users\Soumya\AppData\Local\Temp\surefire8153554993340172510 2024-08-28T12-53-11_744-jvmRun1 surefire-20240828125311876_1tmp surefire_0-20240828125311876_2tmp"/>
    <property name="jdk.debug" value="release"/>
    <property name="surefire.test.class.path" value="C:\Users\Soumya\Documents\GitHub\Git local API\RestAssured_Polycab\RestAssured_Polycab\target\test-classes;C:\Users\Soumya\Documents\GitHub\Git local API\RestAssured_Polycab\RestAssured_Polycab\target\classes;C:\Users\Soumya\.m2\repository\junit\junit\4.13.2\junit-4.13.2.jar;C:\Users\Soumya\.m2\repository\org\hamcrest\hamcrest-core\1.3\hamcrest-core-1.3.jar;C:\Users\Soumya\.m2\repository\io\cucumber\cucumber-java\7.18.0\cucumber-java-7.18.0.jar;C:\Users\Soumya\.m2\repository\io\cucumber\cucumber-core\7.18.0\cucumber-core-7.18.0.jar;C:\Users\Soumya\.m2\repository\io\cucumber\cucumber-gherkin\7.18.0\cucumber-gherkin-7.18.0.jar;C:\Users\Soumya\.m2\repository\io\cucumber\cucumber-gherkin-messages\7.18.0\cucumber-gherkin-messages-7.18.0.jar;C:\Users\Soumya\.m2\repository\io\cucumber\gherkin\28.0.0\gherkin-28.0.0.jar;C:\Users\Soumya\.m2\repository\io\cucumber\messages\24.1.0\messages-24.1.0.jar;C:\Users\Soumya\.m2\repository\io\cucumber\testng-xml-formatter\0.1.0\testng-xml-formatter-0.1.0.jar;C:\Users\Soumya\.m2\repository\io\cucumber\query\12.2.0\query-12.2.0.jar;C:\Users\Soumya\.m2\repository\io\cucumber\tag-expressions\6.1.0\tag-expressions-6.1.0.jar;C:\Users\Soumya\.m2\repository\io\cucumber\cucumber-expressions\17.1.0\cucumber-expressions-17.1.0.jar;C:\Users\Soumya\.m2\repository\io\cucumber\datatable\7.18.0\datatable-7.18.0.jar;C:\Users\Soumya\.m2\repository\io\cucumber\cucumber-plugin\7.18.0\cucumber-plugin-7.18.0.jar;C:\Users\Soumya\.m2\repository\io\cucumber\docstring\7.18.0\docstring-7.18.0.jar;C:\Users\Soumya\.m2\repository\io\cucumber\html-formatter\21.3.1\html-formatter-21.3.1.jar;C:\Users\Soumya\.m2\repository\io\cucumber\junit-xml-formatter\0.4.0\junit-xml-formatter-0.4.0.jar;C:\Users\Soumya\.m2\repository\io\cucumber\ci-environment\10.0.1\ci-environment-10.0.1.jar;C:\Users\Soumya\.m2\repository\org\apiguardian\apiguardian-api\1.1.2\apiguardian-api-1.1.2.jar;C:\Users\Soumya\.m2\repository\io\cucumber\cucumber-junit\7.18.0\cucumber-junit-7.18.0.jar;C:\Users\Soumya\.m2\repository\org\seleniumhq\selenium\selenium-java\4.18.1\selenium-java-4.18.1.jar;C:\Users\Soumya\.m2\repository\org\seleniumhq\selenium\selenium-api\4.18.1\selenium-api-4.18.1.jar;C:\Users\Soumya\.m2\repository\org\seleniumhq\selenium\selenium-chrome-driver\4.18.1\selenium-chrome-driver-4.18.1.jar;C:\Users\Soumya\.m2\repository\com\google\auto\service\auto-service-annotations\1.1.1\auto-service-annotations-1.1.1.jar;C:\Users\Soumya\.m2\repository\org\seleniumhq\selenium\selenium-chromium-driver\4.18.1\selenium-chromium-driver-4.18.1.jar;C:\Users\Soumya\.m2\repository\org\seleniumhq\selenium\selenium-json\4.18.1\selenium-json-4.18.1.jar;C:\Users\Soumya\.m2\repository\org\seleniumhq\selenium\selenium-manager\4.18.1\selenium-manager-4.18.1.jar;C:\Users\Soumya\.m2\repository\org\seleniumhq\selenium\selenium-devtools-v120\4.18.1\selenium-devtools-v120-4.18.1.jar;C:\Users\Soumya\.m2\repository\org\seleniumhq\selenium\selenium-devtools-v121\4.18.1\selenium-devtools-v121-4.18.1.jar;C:\Users\Soumya\.m2\repository\org\seleniumhq\selenium\selenium-devtools-v122\4.18.1\selenium-devtools-v122-4.18.1.jar;C:\Users\Soumya\.m2\repository\org\seleniumhq\selenium\selenium-devtools-v85\4.18.1\selenium-devtools-v85-4.18.1.jar;C:\Users\Soumya\.m2\repository\org\seleniumhq\selenium\selenium-edge-driver\4.18.1\selenium-edge-driver-4.18.1.jar;C:\Users\Soumya\.m2\repository\org\seleniumhq\selenium\selenium-firefox-driver\4.18.1\selenium-firefox-driver-4.18.1.jar;C:\Users\Soumya\.m2\repository\org\seleniumhq\selenium\selenium-http\4.18.1\selenium-http-4.18.1.jar;C:\Users\Soumya\.m2\repository\dev\failsafe\failsafe\3.3.2\failsafe-3.3.2.jar;C:\Users\Soumya\.m2\repository\org\seleniumhq\selenium\selenium-ie-driver\4.18.1\selenium-ie-driver-4.18.1.jar;C:\Users\Soumya\.m2\repository\org\seleniumhq\selenium\selenium-remote-driver\4.18.1\selenium-remote-driver-4.18.1.jar;C:\Users\Soumya\.m2\repository\io\opentelemetry\semconv\opentelemetry-semconv\1.23.1-alpha\opentelemetry-semconv-1.23.1-alpha.jar;C:\Users\Soumya\.m2\repository\io\opentelemetry\opentelemetry-api\1.35.0\opentelemetry-api-1.35.0.jar;C:\Users\Soumya\.m2\repository\io\opentelemetry\opentelemetry-context\1.35.0\opentelemetry-context-1.35.0.jar;C:\Users\Soumya\.m2\repository\io\opentelemetry\opentelemetry-exporter-logging\1.35.0\opentelemetry-exporter-logging-1.35.0.jar;C:\Users\Soumya\.m2\repository\io\opentelemetry\opentelemetry-sdk-common\1.35.0\opentelemetry-sdk-common-1.35.0.jar;C:\Users\Soumya\.m2\repository\io\opentelemetry\opentelemetry-sdk-extension-autoconfigure-spi\1.35.0\opentelemetry-sdk-extension-autoconfigure-spi-1.35.0.jar;C:\Users\Soumya\.m2\repository\io\opentelemetry\opentelemetry-sdk-extension-autoconfigure\1.35.0\opentelemetry-sdk-extension-autoconfigure-1.35.0.jar;C:\Users\Soumya\.m2\repository\io\opentelemetry\opentelemetry-api-events\1.35.0-alpha\opentelemetry-api-events-1.35.0-alpha.jar;C:\Users\Soumya\.m2\repository\io\opentelemetry\opentelemetry-sdk-trace\1.35.0\opentelemetry-sdk-trace-1.35.0.jar;C:\Users\Soumya\.m2\repository\io\opentelemetry\opentelemetry-extension-incubator\1.35.0-alpha\opentelemetry-extension-incubator-1.35.0-alpha.jar;C:\Users\Soumya\.m2\repository\io\opentelemetry\opentelemetry-sdk\1.35.0\opentelemetry-sdk-1.35.0.jar;C:\Users\Soumya\.m2\repository\io\opentelemetry\opentelemetry-sdk-metrics\1.35.0\opentelemetry-sdk-metrics-1.35.0.jar;C:\Users\Soumya\.m2\repository\io\opentelemetry\opentelemetry-sdk-logs\1.35.0\opentelemetry-sdk-logs-1.35.0.jar;C:\Users\Soumya\.m2\repository\net\bytebuddy\byte-buddy\1.14.12\byte-buddy-1.14.12.jar;C:\Users\Soumya\.m2\repository\org\seleniumhq\selenium\selenium-os\4.18.1\selenium-os-4.18.1.jar;C:\Users\Soumya\.m2\repository\org\apache\commons\commons-exec\1.3\commons-exec-1.3.jar;C:\Users\Soumya\.m2\repository\org\seleniumhq\selenium\selenium-safari-driver\4.18.1\selenium-safari-driver-4.18.1.jar;C:\Users\Soumya\.m2\repository\org\seleniumhq\selenium\selenium-support\4.18.1\selenium-support-4.18.1.jar;C:\Users\Soumya\.m2\repository\io\rest-assured\rest-assured\5.5.0\rest-assured-5.5.0.jar;C:\Users\Soumya\.m2\repository\org\apache\groovy\groovy\4.0.22\groovy-4.0.22.jar;C:\Users\Soumya\.m2\repository\org\apache\groovy\groovy-xml\4.0.22\groovy-xml-4.0.22.jar;C:\Users\Soumya\.m2\repository\org\apache\httpcomponents\httpclient\4.5.13\httpclient-4.5.13.jar;C:\Users\Soumya\.m2\repository\org\apache\httpcomponents\httpcore\4.4.13\httpcore-4.4.13.jar;C:\Users\Soumya\.m2\repository\commons-logging\commons-logging\1.2\commons-logging-1.2.jar;C:\Users\Soumya\.m2\repository\commons-codec\commons-codec\1.11\commons-codec-1.11.jar;C:\Users\Soumya\.m2\repository\org\apache\httpcomponents\httpmime\4.5.13\httpmime-4.5.13.jar;C:\Users\Soumya\.m2\repository\org\hamcrest\hamcrest\2.2\hamcrest-2.2.jar;C:\Users\Soumya\.m2\repository\org\ccil\cowan\tagsoup\tagsoup\1.2.1\tagsoup-1.2.1.jar;C:\Users\Soumya\.m2\repository\io\rest-assured\xml-path\5.5.0\xml-path-5.5.0.jar;C:\Users\Soumya\.m2\repository\com\fasterxml\jackson\core\jackson-databind\2.17.1\jackson-databind-2.17.1.jar;C:\Users\Soumya\.m2\repository\com\fasterxml\jackson\core\jackson-annotations\2.17.1\jackson-annotations-2.17.1.jar;C:\Users\Soumya\.m2\repository\com\fasterxml\jackson\core\jackson-core\2.17.1\jackson-core-2.17.1.jar;C:\Users\Soumya\.m2\repository\org\codehaus\groovy\groovy\3.0.21\groovy-3.0.21.jar;C:\Users\Soumya\.m2\repository\io\rest-assured\json-path\5.5.0\json-path-5.5.0.jar;C:\Users\Soumya\.m2\repository\org\apache\groovy\groovy-json\4.0.22\groovy-json-4.0.22.jar;C:\Users\Soumya\.m2\repository\io\rest-assured\rest-assured-common\5.5.0\rest-assured-common-5.5.0.jar;C:\Users\Soumya\.m2\repository\org\json\json\20240303\json-20240303.jar;C:\Users\Soumya\.m2\repository\com\google\guava\guava\33.2.1-jre\guava-33.2.1-jre.jar;C:\Users\Soumya\.m2\repository\com\google\guava\failureaccess\1.0.2\failureaccess-1.0.2.jar;C:\Users\Soumya\.m2\repository\com\google\guava\listenablefuture\9999.0-empty-to-avoid-conflict-with-guava\listenablefuture-9999.0-empty-to-avoid-conflict-with-guava.jar;C:\Users\Soumya\.m2\repository\com\google\code\findbugs\jsr305\3.0.2\jsr305-3.0.2.jar;C:\Users\Soumya\.m2\repository\org\checkerframework\checker-qual\3.42.0\checker-qual-3.42.0.jar;C:\Users\Soumya\.m2\repository\com\google\errorprone\error_prone_annotations\2.26.1\error_prone_annotations-2.26.1.jar;C:\Users\Soumya\.m2\repository\com\google\j2objc\j2objc-annotations\3.0.0\j2objc-annotations-3.0.0.jar;C:\Users\Soumya\.m2\repository\io\cucumber\cucumber-picocontainer\7.0.0\cucumber-picocontainer-7.0.0.jar;C:\Users\Soumya\.m2\repository\org\picocontainer\picocontainer\2.15\picocontainer-2.15.jar;C:\Users\Soumya\.m2\repository\net\masterthought\cucumber-reporting\5.8.2\cucumber-reporting-5.8.2.jar;C:\Users\Soumya\.m2\repository\com\fasterxml\jackson\datatype\jackson-datatype-jsr310\2.17.0\jackson-datatype-jsr310-2.17.0.jar;C:\Users\Soumya\.m2\repository\org\apache\velocity\velocity-engine-core\2.3\velocity-engine-core-2.3.jar;C:\Users\Soumya\.m2\repository\joda-time\joda-time\2.12.7\joda-time-2.12.7.jar;C:\Users\Soumya\.m2\repository\org\apache\commons\commons-configuration2\2.10.1\commons-configuration2-2.10.1.jar;C:\Users\Soumya\.m2\repository\org\apache\commons\commons-lang3\3.14.0\commons-lang3-3.14.0.jar;C:\Users\Soumya\.m2\repository\commons-io\commons-io\2.16.1\commons-io-2.16.1.jar;C:\Users\Soumya\.m2\repository\org\apache\commons\commons-text\1.11.0\commons-text-1.11.0.jar;C:\Users\Soumya\.m2\repository\org\jsoup\jsoup\1.17.2\jsoup-1.17.2.jar;C:\Users\Soumya\.m2\repository\com\googlecode\owasp-java-html-sanitizer\owasp-java-html-sanitizer\20240325.1\owasp-java-html-sanitizer-20240325.1.jar;C:\Users\Soumya\.m2\repository\com\googlecode\owasp-java-html-sanitizer\java8-shim\20240325.1\java8-shim-20240325.1.jar;C:\Users\Soumya\.m2\repository\com\googlecode\owasp-java-html-sanitizer\java10-shim\20240325.1\java10-shim-20240325.1.jar;C:\Users\Soumya\.m2\repository\org\slf4j\slf4j-api\2.0.13\slf4j-api-2.0.13.jar;C:\Users\Soumya\.m2\repository\org\slf4j\jcl-over-slf4j\2.0.13\jcl-over-slf4j-2.0.13.jar;"/>
    <property name="sun.cpu.endian" value="little"/>
    <property name="user.home" value="C:\Users\Soumya"/>
    <property name="user.language" value="en"/>
    <property name="java.specification.vendor" value="Oracle Corporation"/>
    <property name="java.version.date" value="2023-01-17"/>
    <property name="java.home" value="C:\Program Files\Java\jdk-17"/>
    <property name="file.separator" value="\"/>
    <property name="basedir" value="C:\Users\Soumya\Documents\GitHub\Git local API\RestAssured_Polycab\RestAssured_Polycab"/>
    <property name="java.vm.compressedOopsMode" value="Zero based"/>
    <property name="line.separator" value="&#10;"/>
    <property name="java.vm.specification.vendor" value="Oracle Corporation"/>
    <property name="java.specification.name" value="Java Platform API Specification"/>
    <property name="surefire.real.class.path" value="C:\Users\Soumya\AppData\Local\Temp\surefire8153554993340172510\surefirebooter-20240828125311876_3.jar"/>
    <property name="user.script" value=""/>
    <property name="sun.management.compiler" value="HotSpot 64-Bit Tiered Compilers"/>
    <property name="java.runtime.version" value="17.0.6+9-LTS-190"/>
    <property name="user.name" value="Soumya"/>
    <property name="path.separator" value=";"/>
    <property name="os.version" value="10.0"/>
    <property name="java.runtime.name" value="Java(TM) SE Runtime Environment"/>
    <property name="file.encoding" value="Cp1252"/>
    <property name="java.vm.name" value="Java HotSpot(TM) 64-Bit Server VM"/>
    <property name="localRepository" value="C:\Users\Soumya\.m2\repository"/>
    <property name="java.vendor.url.bug" value="https://bugreport.java.com/bugreport/"/>
    <property name="java.io.tmpdir" value="C:\Users\Soumya\AppData\Local\Temp\"/>
    <property name="idea.version" value="2022.3.2"/>
    <property name="java.version" value="17.0.6"/>
    <property name="user.dir" value="C:\Users\Soumya\Documents\GitHub\Git local API\RestAssured_Polycab\RestAssured_Polycab"/>
    <property name="os.arch" value="amd64"/>
    <property name="java.vm.specification.name" value="Java Virtual Machine Specification"/>
    <property name="sun.os.patch.level" value=""/>
    <property name="native.encoding" value="Cp1252"/>
    <property name="environment" value="Production"/>
    <property name="java.library.path" value="C:\Program Files\Java\jdk-17\bin;C:\WINDOWS\Sun\Java\bin;C:\WINDOWS\system32;C:\WINDOWS;C:\Program Files\Common Files\Oracle\Java\javapath;C:\Program Files (x86)\Common Files\Oracle\Java\javapath;C:\WINDOWS\system32;C:\WINDOWS;C:\WINDOWS\System32\Wbem;C:\WINDOWS\System32\WindowsPowerShell\v1.0\;C:\WINDOWS\System32\OpenSSH\;C:\Program Files\Java\jdk-17\bin;C:\Program Files (x86)\Java\jre1.8.0_361\bin;C:\Users\Soumya\apache-maven-3.9.0\bin;C:\Program Files\Git\cmd;C:\Program Files\nodejs\;C:\Android SDK\build-tools\33.0.1;C:\Android SDK\platforms\android-33;C:\Android SDK\platform-tools;C:\Users\Soumya\flutter\bin;C:\Users\Soumya\AppData\Local\Microsoft\WindowsApps;C:\Users\Soumya\AppData\Roaming\npm;C:\Users\Soumya\AppData\Local\GitHubDesktop\bin;D:\flutter\bin;;."/>
    <property name="java.vm.info" value="mixed mode, sharing"/>
    <property name="java.vendor" value="Oracle Corporation"/>
    <property name="java.vm.version" value="17.0.6+9-LTS-190"/>
    <property name="sun.io.unicode.encoding" value="UnicodeLittle"/>
    <property name="java.class.version" value="61.0"/>
  </properties>
  <testcase name="Controlled OTP Resend Interval" classname="Implement OTP Functionality with Security Measures for mobile app login. Validate rate limiting, anti-automation checks," time="3.886">
    <system-out><![CDATA[
@login @AppLoginMobileVAPT @AppLoginMobileVAPTsc1
Scenario: Controlled OTP Resend Interval                                  # src/test/java/features/Mobile_App/AppLoginMobileVAPT.feature:8
  Given user submit "request_login_otp" with "POST" request for App-login # stepDefinitions.LoginApiSteps.userSubmitWithRequestForApplogin(java.lang.String,java.lang.String)
  Then validate response token validity time limit and generated token    # stepDefinitions.Mobile_App.AppLoginMobileVAPT.validateResponseTokenValidityTimeLimitAndGeneratedToken()
  And validate "statusCode" is "200" in responseBody                      # stepDefinitions.CommonStepDefinitions.validateIsInResponseBody(java.lang.String,java.lang.String)
  And validate "message" is "SUCCESS" in responseBody                     # stepDefinitions.CommonStepDefinitions.validateIsInResponseBody(java.lang.String,java.lang.String)
]]></system-out>
    <system-err><![CDATA[SLF4J(W): No SLF4J providers were found.
SLF4J(W): Defaulting to no-operation (NOP) logger implementation
SLF4J(W): See https://www.slf4j.org/codes.html#noProviders for further details.
]]></system-err>
  </testcase>
  <testcase name="Validate OTP" classname="Implement OTP Functionality with Security Measures for mobile app login. Validate rate limiting, anti-automation checks," time="0.011">
    <system-out><![CDATA[
@login @AppLoginMobileVAPT @AppLoginMobileVAPTsc2
Scenario: Validate OTP # src/test/java/features/Mobile_App/AppLoginMobileVAPT.feature:25
]]></system-out>
  </testcase>
  <testcase name="submit login api and verify whether login is successful" classname="Validate login API for Portal and assigned webMenus after login" time="0.548">
    <system-out><![CDATA[
@login @loginPortal @loginPortalsc1
Scenario Outline: submit login api and verify whether login is successful   # src/test/java/features/Portal/Portal_Login.feature:18
  Given add loginAPI payload with "username" and "password"                 # stepDefinitions.Portal.PortalLoginSteps.addLoginAPIPayloadWithAnd(java.lang.String,java.lang.String)
  When user submit "loginAPI" with "POST" request for loginPortal           # stepDefinitions.Portal.PortalLoginSteps.userSubmitWithPOSTRequestForLoginPortal(java.lang.String,java.lang.String)
  Then API call is success with status code 200                             # stepDefinitions.CommonStepDefinitions.apiCallIsSuccessWithStatusCode200()
API Response Time: 273 ms-----------------responseTime------------------
  Then validate ApiResponse execution time                                  # stepDefinitions.CommonStepDefinitions.validateApiResponseExecutionTime()
token is: eyJhbGciOiJIUzI1NiJ9.eyJzdWIiOiJwb2x5Y2FiQGdldGFzc2lzdGl2ZS5jb20iLCJhdWQiOiJhc3Npc3RpdmVfYXAiLCJzY29wZXMiOlt7ImF1dGhvcml0eSI6IlJPTEVfQURNSU4ifV0sInVzZXJJZCI6IjM3NzEiLCJ1c2VySXAiOiI0NS4yNTAuNDkuMTUwIiwidXNlckJyb3dzZXIiOiJBcGFjaGUtSHR0cENsaWVudC80LjUuMTMgKEphdmEvMTcuMC42KSIsInJlZ2lvbkNvZGUiOiJhcC1zb3V0aC0xIiwic2Vzc2lvbklkIjoiMDAwMDAxOTEtOTdkZS0wZGVmLTAwMDAtMDAwMDAwMDAwZWJiIiwibW9kdWxlVHlwZSI6MCwiZW50aXR5UmVjb3JkSWQiOjAsImlzcyI6InN5c3RlbSIsImlhdCI6MTcyNDgyOTc5NywiZXhwIjoxNzI0ODQ3Nzk3fQ.Csdq6vz3_CIPxG-nlF_-7UtEiaFxBuNHIHPgqwMrnU8-----------------token-------------------
  Then validate token is generated                                          # stepDefinitions.Portal.PortalLoginSteps.validateTokenIsGenerated()
{"user":{"userId":3771,"userCode":1003533,"firstName":"Polycab","middleName":null,"lastName":"Admin","userName":"polycab@getassistive.com","password":"7242b2af69845834b9e9a2aef6bceb86","communicationEmail":"polycab.email@gmail.com","personalEmail":"polycab@getassistive.com","mobile":"8541913685","active":1,"userType":3,"defaultProjectId":355,"resetPasswordToken":null,"profilePictureName":null,"userProject":[{"id":3841,"active":1,"nodeKey":"0-3771","serialNo":null,"assignedOn":1704326400000,"project":{"projectId":355,"projectName":"Polycab Red Carpet","projectLogoImage":"https://static.assistive.site/ap-south-1-data/355/others/2024/06/IMG_355_1718170013342_OTHERS_2024-06-12T05:26:53.342459361.png","cmProjectType":3,"timezone":{"id":1,"timeZoneName":"(UTC+5:30) Indian Standard Time","active":1},"language":{"id":1,"languageName":"English","active":1},"country":{"countryId":1,"countryCode":"IND","callingCode":"+91","countryName":"India","projectId":67},"active":1,"logicalName":"sys_gmail_25","selectCarouselFlag":1,"carouselList":null,"updatedBy":null,"createdDate":null,"allowedDaysForPointHistory":null,"otpSmsUrl":"https://api2.growwsaas.com/fe/api/v1/multiSend?username=cpgrohe.trans&password=OKZZf&unicode=false&from=PLYCAB","otpMessage":"Dear Partner,Your OTP code is <<smsotpforuser>>. Thanks & Regards, Team Polycab Red Carpet","sendOtpFromWhatsapp":false,"whatsappOtpUrl":null,"whatsappOtpRequest":null,"whatsappOtpUrlHeader":null,"pointsExpireInDays":null,"sendPointTransactionEmail":0,"isSmsEnabled":1,"otpValidityDuration":60,"resendOtpInterval":12,"maxSendOtpRequest":2,"otpCountResetAfter":120,"maxFailureAttempt":5,"failureAttemptResetAfter":180},"updatedTimestamp":1704357329000}]},"token":"eyJhbGciOiJIUzI1NiJ9.eyJzdWIiOiJwb2x5Y2FiQGdldGFzc2lzdGl2ZS5jb20iLCJhdWQiOiJhc3Npc3RpdmVfYXAiLCJzY29wZXMiOlt7ImF1dGhvcml0eSI6IlJPTEVfQURNSU4ifV0sInVzZXJJZCI6IjM3NzEiLCJ1c2VySXAiOiI0NS4yNTAuNDkuMTUwIiwidXNlckJyb3dzZXIiOiJBcGFjaGUtSHR0cENsaWVudC80LjUuMTMgKEphdmEvMTcuMC42KSIsInJlZ2lvbkNvZGUiOiJhcC1zb3V0aC0xIiwic2Vzc2lvbklkIjoiMDAwMDAxOTEtOTdkZS0wZGVmLTAwMDAtMDAwMDAwMDAwZWJiIiwibW9kdWxlVHlwZSI6MCwiZW50aXR5UmVjb3JkSWQiOjAsImlzcyI6InN5c3RlbSIsImlhdCI6MTcyNDgyOTc5NywiZXhwIjoxNzI0ODQ3Nzk3fQ.Csdq6vz3_CIPxG-nlF_-7UtEiaFxBuNHIHPgqwMrnU8","serverTimezone":"GMT","appServerUrl":"https://endpoints-backend.api.ap.assistive.site/retailitynew","userSessionId":"WA8wqH+xsaZK9Ie9gDedNg=="}-------------------------response-----------
  Then "355" is validated                                                   # stepDefinitions.Portal.PortalLoginSteps.isValidated(java.lang.String)
projectName 0: Polycab Red Carpet---------------projectName----------------
project logo img 0:https://static.assistive.site/ap-south-1-data/355/others/2024/06/IMG_355_1718170013342_OTHERS_2024-06-12T05:26:53.342459361.png ---------------logo----------------
  Then validate count of assigned projects and display "Polycab Red Carpet" # stepDefinitions.Portal.PortalLoginSteps.validateCountOfAssignedProjectsAndDisplay(java.lang.String)
]]></system-out>
  </testcase>
  <testcase name="validate assigned web menus after login is successful" classname="Validate login API for Portal and assigned webMenus after login" time="0.848">
    <system-out><![CDATA[
@login @loginPortal @loginPortalsc2
Scenario Outline: validate assigned web menus after login is successful                                        # src/test/java/features/Portal/Portal_Login.feature:31
  Given add loginAPI payload with "username" and "password"                                                    # stepDefinitions.Portal.PortalLoginSteps.addLoginAPIPayloadWithAnd(java.lang.String,java.lang.String)
  When user submit "loginAPI" with "POST" request for loginPortal                                              # stepDefinitions.Portal.PortalLoginSteps.userSubmitWithPOSTRequestForLoginPortal(java.lang.String,java.lang.String)
  Then submit "assignedWebMenus" api with "token" and validate menu items for selected "355"                   # stepDefinitions.Portal.PortalLoginSteps.submitApiWithAndValidateMenuItemsForSelected(java.lang.String,java.lang.String,java.lang.String)
menuCount is: 6--------------menuCount--------------
fetchSub_SubmenuTitle is: Daily Activity Report---------fetchSub_SubmenuTitle-----2------
  Then validate count and value of submenus for "Analytics" and "Daily Activity Report" as per user-role rules # stepDefinitions.Portal.PortalLoginSteps.validateCountAndValueOfSubmenusForAsPerUserRoleRules(java.lang.String,java.lang.String)
]]></system-out>
  </testcase>
  <testcase name="Manual Logout and Session Expiration" classname="Validate login functionality VAPT testing for portal. Check Secure Session Management and Authentication Mechanisms" time="1.439">
    <failure message="expected:&lt;200&gt; but was:&lt;401&gt;" type="java.lang.AssertionError"><![CDATA[java.lang.AssertionError: expected:<200> but was:<401>
	at org.junit.Assert.fail(Assert.java:89)
	at org.junit.Assert.failNotEquals(Assert.java:835)
	at org.junit.Assert.assertEquals(Assert.java:647)
	at org.junit.Assert.assertEquals(Assert.java:633)
	at stepDefinitions.Portal.PortalLoginVAPTSteps.verifyIfUserAbleToSubmitAPIWithSameTokenSession(PortalLoginVAPTSteps.java:44)
	at stepDefinitions.Portal.PortalLoginVAPTSteps.validateUsersShouldNotBeAbleToUseTheExpiredTokenToAccessTheSystem(PortalLoginVAPTSteps.java:75)
	at ✽.validate users should not be able to use the expired token to access the system(file:///C:/Users/Soumya/Documents/GitHub/Git%20local%20API/RestAssured_Polycab/RestAssured_Polycab/src/test/java/features/Portal/Portal_LoginVAPT.feature:14)
]]></failure>
    <system-out><![CDATA[
@login @loginPortalVAPTsc1
Scenario: Manual Logout and Session Expiration                                               # src/test/java/features/Portal/Portal_LoginVAPT.feature:7
  Given user submit "loginAPI" with "POST" request for login                                 # stepDefinitions.LoginApiSteps.userSubmitWithPOSTRequestForLogin(java.lang.String,java.lang.String)
  Then verify if user able to submit "assistant" API with same token session                 # stepDefinitions.Portal.PortalLoginVAPTSteps.verifyIfUserAbleToSubmitAPIWithSameTokenSession(java.lang.String)
  When add logoutApi payload                                                                 # stepDefinitions.Portal.PortalLoginVAPTSteps.addLogoutApiPayload()
  Then user submit "logoutApi" with "POST" request with "token" for logout                   # stepDefinitions.Portal.PortalLoginVAPTSteps.userSubmitWithRequestWithForLogout(java.lang.String,java.lang.String,java.lang.String)
  Then validate after a user manually logs out the session token must be immediately expired # stepDefinitions.Portal.PortalLoginVAPTSteps.validateAfterAUserManuallyLogsOutTheSessionTokenMustBeImmediatelyExpired()
  Then validate users should not be able to use the expired token to access the system       # stepDefinitions.Portal.PortalLoginVAPTSteps.validateUsersShouldNotBeAbleToUseTheExpiredTokenToAccessTheSystem()
      java.lang.AssertionError: expected:<200> but was:<401>
	at org.junit.Assert.fail(Assert.java:89)
	at org.junit.Assert.failNotEquals(Assert.java:835)
	at org.junit.Assert.assertEquals(Assert.java:647)
	at org.junit.Assert.assertEquals(Assert.java:633)
	at stepDefinitions.Portal.PortalLoginVAPTSteps.verifyIfUserAbleToSubmitAPIWithSameTokenSession(PortalLoginVAPTSteps.java:44)
	at stepDefinitions.Portal.PortalLoginVAPTSteps.validateUsersShouldNotBeAbleToUseTheExpiredTokenToAccessTheSystem(PortalLoginVAPTSteps.java:75)
	at âœ½.validate users should not be able to use the expired token to access the system(file:///C:/Users/Soumya/Documents/GitHub/Git%20local%20API/RestAssured_Polycab/RestAssured_Polycab/src/test/java/features/Portal/Portal_LoginVAPT.feature:14)

]]></system-out>
  </testcase>
  <testcase name="Inactivity-based Session Expiration" classname="Validate login functionality VAPT testing for portal. Check Secure Session Management and Authentication Mechanisms" time="1021.914">
    <failure message="expected:&lt;Unauthorized&gt; but was:&lt;null&gt;" type="java.lang.AssertionError"><![CDATA[java.lang.AssertionError: expected:<Unauthorized> but was:<null>
	at org.junit.Assert.fail(Assert.java:89)
	at org.junit.Assert.failNotEquals(Assert.java:835)
	at org.junit.Assert.assertEquals(Assert.java:120)
	at org.junit.Assert.assertEquals(Assert.java:146)
	at stepDefinitions.Portal.PortalLoginVAPTSteps.validateSessionShouldExpireAfterMinutesOfInactivity(PortalLoginVAPTSteps.java:94)
	at ✽.validate session should expire after 15 minutes of inactivity(file:///C:/Users/Soumya/Documents/GitHub/Git%20local%20API/RestAssured_Polycab/RestAssured_Polycab/src/test/java/features/Portal/Portal_LoginVAPT.feature:21)
]]></failure>
    <system-out><![CDATA[
@login @loginPortalVAPTsc2
Scenario: Inactivity-based Session Expiration                                                        # src/test/java/features/Portal/Portal_LoginVAPT.feature:18
  Given user submit "loginAPI" with "POST" request for login                                         # stepDefinitions.LoginApiSteps.userSubmitWithPOSTRequestForLogin(java.lang.String,java.lang.String)
  Then validate session should expire after 15 minutes of inactivity                                 # stepDefinitions.Portal.PortalLoginVAPTSteps.validateSessionShouldExpireAfterMinutesOfInactivity(int)
      java.lang.AssertionError: expected:<Unauthorized> but was:<null>
	at org.junit.Assert.fail(Assert.java:89)
	at org.junit.Assert.failNotEquals(Assert.java:835)
	at org.junit.Assert.assertEquals(Assert.java:120)
	at org.junit.Assert.assertEquals(Assert.java:146)
	at stepDefinitions.Portal.PortalLoginVAPTSteps.validateSessionShouldExpireAfterMinutesOfInactivity(PortalLoginVAPTSteps.java:94)
	at âœ½.validate session should expire after 15 minutes of inactivity(file:///C:/Users/Soumya/Documents/GitHub/Git%20local%20API/RestAssured_Polycab/RestAssured_Polycab/src/test/java/features/Portal/Portal_LoginVAPT.feature:21)

  Then validate users should be automatically logged out after the session expires due to inactivity # stepDefinitions.Portal.PortalLoginVAPTSteps.validateUsersShouldBeAutomaticallyLoggedOutAfterTheSessionExpiresDueToInactivity()
]]></system-out>
  </testcase>
  <testcase name="Rate Limiting and Account Lockout" classname="Validate login functionality VAPT testing for portal. Check Secure Session Management and Authentication Mechanisms" time="0.289">
    <system-out><![CDATA[
@login @loginPortalVAPTsc3
Scenario: Rate Limiting and Account Lockout                  # src/test/java/features/Portal/Portal_LoginVAPT.feature:26
  Given user submit "loginAPI" with "POST" request for login # stepDefinitions.LoginApiSteps.userSubmitWithPOSTRequestForLogin(java.lang.String,java.lang.String)
]]></system-out>
  </testcase>
  <testcase name="Consistent Error Messaging" classname="Validate login functionality VAPT testing for portal. Check Secure Session Management and Authentication Mechanisms" time="0.283">
    <system-out><![CDATA[
@login @loginPortalVAPTsc4
Scenario: Consistent Error Messaging                         # src/test/java/features/Portal/Portal_LoginVAPT.feature:32
  Given user submit "loginAPI" with "POST" request for login # stepDefinitions.LoginApiSteps.userSubmitWithPOSTRequestForLogin(java.lang.String,java.lang.String)
]]></system-out>
  </testcase>
</testsuite>